<?xml version="1.0" encoding="UTF-8"?>
<!-- Generated by org.testng.reporters.JUnitXMLReporter -->
<testsuite hostname="LAPTOP-O7IQ3N9E" ignored="2" name="Bank App Test" tests="2" failures="2" timestamp="2021-05-27T15:25:18 IST" time="17.729" errors="0">
  <testcase name="logintest" time="7.929" classname="com.inetBankingv1.testCases.TC_LoginTest_001">
    <failure type="java.lang.AssertionError" message="expected [true] but found [false]">
      <![CDATA[java.lang.AssertionError: expected [true] but found [false]
at com.inetBankingv1.testCases.TC_LoginTest_001.logintest(TC_LoginTest_001.java:36)
at java.util.ArrayList.forEach(ArrayList.java:1259)
... Removed 34 stack frames]]>
    </failure>
  </testcase> <!-- logintest -->
  <testcase name="addNewCustomer" time="5.432" classname="com.inetBankingv1.testCases.TC_AddCustomerTest_002">
    <failure type="junit.framework.AssertionFailedError">
      <![CDATA[junit.framework.AssertionFailedError
at junit.framework.Assert.fail(Assert.java:47)
at junit.framework.Assert.assertTrue(Assert.java:20)
at junit.framework.Assert.assertTrue(Assert.java:27)
at com.inetBankingv1.testCases.TC_AddCustomerTest_002.addNewCustomer(TC_AddCustomerTest_002.java:38)
at java.util.ArrayList.forEach(ArrayList.java:1259)
... Removed 30 stack frames]]>
    </failure>
  </testcase> <!-- addNewCustomer -->
  <testcase name="@BeforeTest setUp" time="0.0" classname="com.inetBankingv1.testCases.BaseClass">
    <ignored/>
  </testcase> <!-- @BeforeTest setUp -->
  <testcase name="@AfterTest tearDown" time="0.0" classname="com.inetBankingv1.testCases.BaseClass">
    <ignored/>
  </testcase> <!-- @AfterTest tearDown -->
</testsuite> <!-- Bank App Test -->
