<?xml version="1.0" encoding="UTF-8"?>
<!-- Generated by org.testng.reporters.JUnitXMLReporter -->
<testsuite hostname="LAPTOP-O7IQ3N9E" ignored="0" name="Bank App Test(failed)" tests="1" failures="1" timestamp="27 May 2021 08:58:48 GMT" time="11.972" errors="0">
  <testcase name="logintest" time="7.5" classname="com.inetBankingv1.testCases.TC_LoginTest_001">
    <failure type="java.lang.AssertionError" message="expected [true] but found [false]">
      <![CDATA[java.lang.AssertionError: expected [true] but found [false]
at com.inetBankingv1.testCases.TC_LoginTest_001.logintest(TC_LoginTest_001.java:35)
... Removed 29 stack frames]]>
    </failure>
  </testcase> <!-- logintest -->
</testsuite> <!-- Bank App Test(failed) -->
